0 info it worked if it ends with ok
1 verbose cli [ 'D:\\nodejs\\node-v6.10.0\\node.exe',
1 verbose cli   'D:\\nodejs\\node-v6.10.0\\node_modules\\npm\\bin\\npm-cli.js',
1 verbose cli   'publish' ]
2 info using npm@3.10.10
3 info using node@v6.10.0
4 verbose publish [ '.' ]
5 silly cache add args [ '.', null ]
6 verbose cache add spec .
7 silly cache add parsed spec Result {
7 silly cache add   raw: '.',
7 silly cache add   scope: null,
7 silly cache add   escapedName: null,
7 silly cache add   name: null,
7 silly cache add   rawSpec: '.',
7 silly cache add   spec: 'E:\\Workspace\\Javascript\\proton',
7 silly cache add   type: 'directory' }
8 verbose addLocalDirectory C:\Users\waygc\AppData\Roaming\npm-cache\proton\0.0.1\package.tgz not in flight; packing
9 verbose correctMkdir C:\Users\waygc\AppData\Roaming\npm-cache correctMkdir not in flight; initializing
10 info lifecycle proton@0.0.1~prepublish: proton@0.0.1
11 silly lifecycle proton@0.0.1~prepublish: no script for prepublish, continuing
12 verbose tar pack [ 'C:\\Users\\waygc\\AppData\\Roaming\\npm-cache\\proton\\0.0.1\\package.tgz',
12 verbose tar pack   'E:\\Workspace\\Javascript\\proton' ]
13 verbose tarball C:\Users\waygc\AppData\Roaming\npm-cache\proton\0.0.1\package.tgz
14 verbose folder E:\Workspace\Javascript\proton
15 verbose addLocalTarball adding from inside cache C:\Users\waygc\AppData\Roaming\npm-cache\proton\0.0.1\package.tgz
16 verbose correctMkdir C:\Users\waygc\AppData\Roaming\npm-cache correctMkdir not in flight; initializing
17 silly cache afterAdd proton@0.0.1
18 verbose afterAdd C:\Users\waygc\AppData\Roaming\npm-cache\proton\0.0.1\package\package.json not in flight; writing
19 verbose correctMkdir C:\Users\waygc\AppData\Roaming\npm-cache correctMkdir not in flight; initializing
20 verbose afterAdd C:\Users\waygc\AppData\Roaming\npm-cache\proton\0.0.1\package\package.json written
21 silly publish { name: 'proton',
21 silly publish   version: '0.0.1',
21 silly publish   description: 'A toy server built by node.js',
21 silly publish   license: 'UNLICENSED',
21 silly publish   repository:
21 silly publish    { type: 'git',
21 silly publish      url: 'git+https://github.com/undeadway/proton.git' },
21 silly publish   main: './src/index.js',
21 silly publish   dependencies: { nodemailer: '2.7.2' },
21 silly publish   readmeFilename: 'README.md',
21 silly publish   engines: { node: '6.10.0' },
21 silly publish   readme: '# Chinese\r\n\r\n## 概要\r\n这是一个基于 Noodejs 的玩具服务器。  \r\n这个服务器只用于个人学习使用。  \r\ndemo 文件夹下是服务器的一个简单案例。\r\n\r\n## 实现功能\r\n* 可以进行路由控制；\r\n* 拒绝指定客户端访问；\r\n\r\n## 启动\r\n```\r\nvar server = require("proton");\r\nserver.start();\r\n```\r\n\r\n## 实际应用\r\n* [路上的垃圾回收](http://waygc.net)\r\n* [道亦会](http://daoyiclub.com)\r\n\r\n## TODO\r\n* 文件处理\r\n\r\n## License\r\nApache 2.0\r\n\r\n# English\r\nThis is a toy server built by node.js.  \r\nThis package is for study.  \r\nThe demo folder holds a simple instance of proton.\r\n\r\n## Supported\r\n* Router control;\r\n* To reject the request of specified clinets;\r\n\r\n## Start\r\n```\r\nvar server = require("proton");\r\nserver.start();\r\n```\r\n\r\n## Instance\r\n* [路上的垃圾回收](http://waygc.net)\r\n* [道亦会](http://daoyiclub.com)\r\n\r\n## TODO\r\n* file uploads/downloads\r\n\r\n## License\r\nApache 2.0\r\n',
21 silly publish   gitHead: '0b6b318a1972ca0d06da006fdca4cd32a33c1860',
21 silly publish   bugs: { url: 'https://github.com/undeadway/proton/issues' },
21 silly publish   homepage: 'https://github.com/undeadway/proton#readme',
21 silly publish   _id: 'proton@0.0.1',
21 silly publish   scripts: {},
21 silly publish   _shasum: '319fdbb732241540f407575bdd161b32d69de1a8',
21 silly publish   _from: '.' }
22 verbose getPublishConfig undefined
23 silly mapToRegistry name proton
24 silly mapToRegistry using default registry
25 silly mapToRegistry registry https://registry.npmjs.org/
26 silly mapToRegistry data Result {
26 silly mapToRegistry   raw: 'proton',
26 silly mapToRegistry   scope: null,
26 silly mapToRegistry   escapedName: 'proton',
26 silly mapToRegistry   name: 'proton',
26 silly mapToRegistry   rawSpec: '',
26 silly mapToRegistry   spec: 'latest',
26 silly mapToRegistry   type: 'tag' }
27 silly mapToRegistry uri https://registry.npmjs.org/proton
28 verbose publish registryBase https://registry.npmjs.org/
29 silly publish uploading C:\Users\waygc\AppData\Roaming\npm-cache\proton\0.0.1\package.tgz
30 verbose request uri https://registry.npmjs.org/proton
31 verbose request sending authorization for write operation
32 info attempt registry request try #1 at 20:02:27
33 verbose request using bearer token for auth
34 verbose request id eed349873dd12fe9
35 http request PUT https://registry.npmjs.org/proton
36 http 403 https://registry.npmjs.org/proton
37 verbose headers { date: 'Mon, 16 Jul 2018 12:03:39 GMT',
37 verbose headers   'content-type': 'application/json',
37 verbose headers   'transfer-encoding': 'chunked',
37 verbose headers   connection: 'keep-alive',
37 verbose headers   'set-cookie': [ '__cfduid=d5f83b86af45fe6cc2342080ebee465ec1531742619; expires=Tue, 16-Jul-19 12:03:39 GMT; path=/; domain=.registry.npmjs.org; HttpOnly' ],
37 verbose headers   'cf-ray': '43b453aacb9a289a-SJC',
37 verbose headers   'expect-ct': 'max-age=604800, report-uri="https://report-uri.cloudflare.com/cdn-cgi/beacon/expect-ct"',
37 verbose headers   'npm-notice': 'Due to a recent security incident, all user tokens have been invalidated. Please see https://status.npmjs.org/incidents/dn7c1fgrr7ng for more details. To generate a new token, visit https://www.npmjs.com/settings/~/tokens or run "npm login".',
37 verbose headers   server: 'cloudflare',
37 verbose headers   'content-encoding': 'gzip' }
38 warn notice Due to a recent security incident, all user tokens have been invalidated. Please see https://status.npmjs.org/incidents/dn7c1fgrr7ng for more details. To generate a new token, visit https://www.npmjs.com/settings/~/tokens or run "npm login".
39 verbose request invalidating C:\Users\waygc\AppData\Roaming\npm-cache\registry.npmjs.org\proton on PUT
40 error publish Failed PUT 403
41 verbose stack Error: You do not have permission to publish "proton". Are you logged in as the correct user? : proton
41 verbose stack     at makeError (D:\nodejs\node-v6.10.0\node_modules\npm\node_modules\npm-registry-client\lib\request.js:302:12)
41 verbose stack     at CachingRegistryClient.<anonymous> (D:\nodejs\node-v6.10.0\node_modules\npm\node_modules\npm-registry-client\lib\request.js:290:14)
41 verbose stack     at D:\nodejs\node-v6.10.0\node_modules\npm\node_modules\npm-registry-client\lib\request.js:216:7
41 verbose stack     at Gunzip.onEnd (zlib.js:227:5)
41 verbose stack     at emitNone (events.js:91:20)
41 verbose stack     at Gunzip.emit (events.js:185:7)
41 verbose stack     at endReadableNT (_stream_readable.js:974:12)
41 verbose stack     at _combinedTickCallback (internal/process/next_tick.js:74:11)
41 verbose stack     at process._tickCallback (internal/process/next_tick.js:98:9)
42 verbose statusCode 403
43 verbose pkgid proton
44 verbose cwd E:\Workspace\Javascript\proton
45 error Windows_NT 10.0.16299
46 error argv "D:\\nodejs\\node-v6.10.0\\node.exe" "D:\\nodejs\\node-v6.10.0\\node_modules\\npm\\bin\\npm-cli.js" "publish"
47 error node v6.10.0
48 error npm  v3.10.10
49 error code E403
50 error You do not have permission to publish "proton". Are you logged in as the correct user? : proton
51 error If you need help, you may report this error at:
51 error     <https://github.com/npm/npm/issues>
52 verbose exit [ 1, true ]
